
> next-platform@0.1.0 build
> next build

⚠ Warning: Next.js inferred your workspace root, but it may not be correct.
 We detected multiple lockfiles and selected the directory of D:\_ARQUIVOS DISCO C\Desktop\SiteFiguraViva\package-lock.json as the root directory.
 To silence this warning, set `turbopack.root` in your Next.js config, or consider removing one of the lockfiles if it's not needed.
   See https://nextjs.org/docs/app/api-reference/config/next-config-js/turbopack#root-directory for more information.
 Detected additional lockfiles: 
   * D:\_ARQUIVOS DISCO C\Desktop\SiteFiguraViva\next-platform\package-lock.json

▲ Next.js 16.1.1 (Turbopack)
- Environments: .env.local

⚠ The "middleware" file convention is deprecated. Please use "proxy" instead. Learn more: https://nextjs.org/docs/messages/middleware-to-proxy
  Creating an optimized production build ...

> Build error occurred
Error: Turbopack build failed with 1 errors:
./next-platform/src/components/sections/FounderSection.tsx:71:1
Parsing ecmascript source code failed
[0m [90m 69 |[39m                         [33m<[39m[33m/[39m[33msection[39m[33m>[39m
 [90m 70 |[39m                         )[33m;[39m
[31m[1m>[22m[39m[90m 71 |[39m }
 [90m    |[39m [31m[1m^[22m[39m
 [90m 72 |[39m[0m

Unexpected token. Did you mean `{'}'}` or `&rbrace;`?

Import traces:
  Client Component Browser:
    ./next-platform/src/components/sections/FounderSection.tsx [Client Component Browser]
    ./next-platform/src/components/HomeClient.tsx [Client Component Browser]
    ./next-platform/src/components/HomeClient.tsx [Server Component]
    ./next-platform/src/app/page.tsx [Server Component]

  Client Component SSR:
    ./next-platform/src/components/sections/FounderSection.tsx [Client Component SSR]
    ./next-platform/src/components/HomeClient.tsx [Client Component SSR]
    ./next-platform/src/components/HomeClient.tsx [Server Component]
    ./next-platform/src/app/page.tsx [Server Component]


    at <unknown> (./next-platform/src/components/sections/FounderSection.tsx:71:1)
